2024-09-04 15:45:14,525 INFO c.s.b.p.PrimeirobatchApplication [main] Starting PrimeirobatchApplication using Java 21 with PID 16556 (E:\Download\PrimeiroBatch\target\classes started by Vitor in E:\Download\PrimeiroBatch)
2024-09-04 15:45:14,535 INFO c.s.b.p.PrimeirobatchApplication [main] No active profile set, falling back to 1 default profile: "default"
2024-09-04 15:45:16,504 WARN o.s.c.s.PostProcessorRegistrationDelegate$BeanPostProcessorChecker [main] Bean 'dataSourceConfig' of type [com.spring.batch.primeirobatch.config.DataSourceConfig$$SpringCGLIB$$0] is not eligible for getting processed by all BeanPostProcessors (for example: not eligible for auto-proxying). Is this bean getting eagerly injected into a currently created BeanPostProcessor [jobRegistryBeanPostProcessor]? Check the corresponding BeanPostProcessor declaration and its dependencies.
2024-09-04 15:45:16,597 WARN o.s.c.s.PostProcessorRegistrationDelegate$BeanPostProcessorChecker [main] Bean 'springDataSource' of type [com.zaxxer.hikari.HikariDataSource] is not eligible for getting processed by all BeanPostProcessors (for example: not eligible for auto-proxying). Is this bean getting eagerly injected into a currently created BeanPostProcessor [jobRegistryBeanPostProcessor]? Check the corresponding BeanPostProcessor declaration and its dependencies.
2024-09-04 15:45:16,605 WARN o.s.c.s.PostProcessorRegistrationDelegate$BeanPostProcessorChecker [main] Bean 'org.springframework.boot.autoconfigure.jdbc.DataSourceTransactionManagerAutoConfiguration$JdbcTransactionManagerConfiguration' of type [org.springframework.boot.autoconfigure.jdbc.DataSourceTransactionManagerAutoConfiguration$JdbcTransactionManagerConfiguration] is not eligible for getting processed by all BeanPostProcessors (for example: not eligible for auto-proxying). Is this bean getting eagerly injected into a currently created BeanPostProcessor [jobRegistryBeanPostProcessor]? Check the corresponding BeanPostProcessor declaration and its dependencies.
2024-09-04 15:45:16,618 WARN o.s.c.s.PostProcessorRegistrationDelegate$BeanPostProcessorChecker [main] Bean 'org.springframework.boot.autoconfigure.transaction.TransactionManagerCustomizationAutoConfiguration' of type [org.springframework.boot.autoconfigure.transaction.TransactionManagerCustomizationAutoConfiguration] is not eligible for getting processed by all BeanPostProcessors (for example: not eligible for auto-proxying). Is this bean getting eagerly injected into a currently created BeanPostProcessor [jobRegistryBeanPostProcessor]? Check the corresponding BeanPostProcessor declaration and its dependencies.
2024-09-04 15:45:16,625 WARN o.s.c.s.PostProcessorRegistrationDelegate$BeanPostProcessorChecker [main] Bean 'transactionExecutionListeners' of type [org.springframework.boot.autoconfigure.transaction.ExecutionListenersTransactionManagerCustomizer] is not eligible for getting processed by all BeanPostProcessors (for example: not eligible for auto-proxying). Is this bean getting eagerly injected into a currently created BeanPostProcessor [jobRegistryBeanPostProcessor]? Check the corresponding BeanPostProcessor declaration and its dependencies.
2024-09-04 15:45:16,632 WARN o.s.c.s.PostProcessorRegistrationDelegate$BeanPostProcessorChecker [main] Bean 'spring.transaction-org.springframework.boot.autoconfigure.transaction.TransactionProperties' of type [org.springframework.boot.autoconfigure.transaction.TransactionProperties] is not eligible for getting processed by all BeanPostProcessors (for example: not eligible for auto-proxying). Is this bean getting eagerly injected into a currently created BeanPostProcessor [jobRegistryBeanPostProcessor]? Check the corresponding BeanPostProcessor declaration and its dependencies.
2024-09-04 15:45:16,633 WARN o.s.c.s.PostProcessorRegistrationDelegate$BeanPostProcessorChecker [main] Bean 'platformTransactionManagerCustomizers' of type [org.springframework.boot.autoconfigure.transaction.TransactionManagerCustomizers] is not eligible for getting processed by all BeanPostProcessors (for example: not eligible for auto-proxying). Is this bean getting eagerly injected into a currently created BeanPostProcessor [jobRegistryBeanPostProcessor]? Check the corresponding BeanPostProcessor declaration and its dependencies.
2024-09-04 15:45:16,646 WARN o.s.c.s.PostProcessorRegistrationDelegate$BeanPostProcessorChecker [main] Bean 'transactionManager' of type [org.springframework.jdbc.support.JdbcTransactionManager] is not eligible for getting processed by all BeanPostProcessors (for example: not eligible for auto-proxying). Is this bean getting eagerly injected into a currently created BeanPostProcessor [jobRegistryBeanPostProcessor]? Check the corresponding BeanPostProcessor declaration and its dependencies.
2024-09-04 15:45:16,655 WARN o.s.c.s.PostProcessorRegistrationDelegate$BeanPostProcessorChecker [main] Bean 'spring.batch-org.springframework.boot.autoconfigure.batch.BatchProperties' of type [org.springframework.boot.autoconfigure.batch.BatchProperties] is not eligible for getting processed by all BeanPostProcessors (for example: not eligible for auto-proxying). Is this bean getting eagerly injected into a currently created BeanPostProcessor [jobRegistryBeanPostProcessor]? Check the corresponding BeanPostProcessor declaration and its dependencies.
2024-09-04 15:45:16,670 WARN o.s.c.s.PostProcessorRegistrationDelegate$BeanPostProcessorChecker [main] Bean 'org.springframework.boot.autoconfigure.batch.BatchAutoConfiguration$SpringBootBatchConfiguration' of type [org.springframework.boot.autoconfigure.batch.BatchAutoConfiguration$SpringBootBatchConfiguration] is not eligible for getting processed by all BeanPostProcessors (for example: not eligible for auto-proxying). The currently created BeanPostProcessor [jobRegistryBeanPostProcessor] is declared through a non-static factory method on that class; consider declaring it as static instead.
2024-09-04 15:45:18,886 INFO c.s.b.p.PrimeirobatchApplication [main] Started PrimeirobatchApplication in 5.153 seconds (process running for 6.455)
2024-09-04 15:45:19,155 INFO o.s.b.c.l.s.SimpleJobLauncher [main] Job: [SimpleJob: [name=imprimeOlaJob]] launched with the following parameters: [{'run.id':'{value=5, type=class java.lang.Long, identifying=true}'}]
2024-09-04 15:45:19,196 INFO o.s.b.c.j.SimpleStepHandler [main] Executing step: [imprimeOlaMundoStep]
2024-09-04 15:45:19,223 INFO o.s.b.c.s.AbstractStep [main] Step: [imprimeOlaMundoStep] executed in 25ms
2024-09-04 15:45:19,255 INFO o.s.b.c.j.SimpleStepHandler [main] Executing step: [imprimeParImpar]
2024-09-04 15:45:19,286 INFO o.s.b.c.s.AbstractStep [main] Step: [imprimeParImpar] executed in 30ms
2024-09-04 15:45:19,298 INFO o.s.b.c.l.s.SimpleJobLauncher [main] Job: [SimpleJob: [name=imprimeOlaJob]] completed with the following parameters: [{'run.id':'{value=5, type=class java.lang.Long, identifying=true}'}] and the following status: [COMPLETED] in 121ms
2024-09-19 20:13:31,134 INFO c.s.b.p.PrimeirobatchApplication [main] Starting PrimeirobatchApplication using Java 21 with PID 3288 (E:\Download\PrimeiroBatch\target\classes started by Vitor in E:\Download\PrimeiroBatch)
2024-09-19 20:13:31,191 INFO c.s.b.p.PrimeirobatchApplication [main] No active profile set, falling back to 1 default profile: "default"
2024-09-19 20:17:47,077 INFO c.s.b.p.PrimeirobatchApplication [main] Starting PrimeirobatchApplication using Java 21 with PID 13256 (E:\Download\PrimeiroBatch\target\classes started by Vitor in E:\Download\PrimeiroBatch)
2024-09-19 20:17:47,091 INFO c.s.b.p.PrimeirobatchApplication [main] No active profile set, falling back to 1 default profile: "default"
2024-09-19 20:17:48,520 WARN o.s.c.s.PostProcessorRegistrationDelegate$BeanPostProcessorChecker [main] Bean 'dataSourceConfig' of type [com.spring.batch.primeirobatch.config.DataSourceConfig$$SpringCGLIB$$0] is not eligible for getting processed by all BeanPostProcessors (for example: not eligible for auto-proxying). Is this bean getting eagerly injected into a currently created BeanPostProcessor [jobRegistryBeanPostProcessor]? Check the corresponding BeanPostProcessor declaration and its dependencies.
2024-09-19 20:17:48,611 WARN o.s.c.s.PostProcessorRegistrationDelegate$BeanPostProcessorChecker [main] Bean 'springDataSource' of type [com.zaxxer.hikari.HikariDataSource] is not eligible for getting processed by all BeanPostProcessors (for example: not eligible for auto-proxying). Is this bean getting eagerly injected into a currently created BeanPostProcessor [jobRegistryBeanPostProcessor]? Check the corresponding BeanPostProcessor declaration and its dependencies.
2024-09-19 20:17:48,619 WARN o.s.c.s.PostProcessorRegistrationDelegate$BeanPostProcessorChecker [main] Bean 'org.springframework.boot.autoconfigure.jdbc.DataSourceTransactionManagerAutoConfiguration$JdbcTransactionManagerConfiguration' of type [org.springframework.boot.autoconfigure.jdbc.DataSourceTransactionManagerAutoConfiguration$JdbcTransactionManagerConfiguration] is not eligible for getting processed by all BeanPostProcessors (for example: not eligible for auto-proxying). Is this bean getting eagerly injected into a currently created BeanPostProcessor [jobRegistryBeanPostProcessor]? Check the corresponding BeanPostProcessor declaration and its dependencies.
2024-09-19 20:17:48,631 WARN o.s.c.s.PostProcessorRegistrationDelegate$BeanPostProcessorChecker [main] Bean 'org.springframework.boot.autoconfigure.transaction.TransactionManagerCustomizationAutoConfiguration' of type [org.springframework.boot.autoconfigure.transaction.TransactionManagerCustomizationAutoConfiguration] is not eligible for getting processed by all BeanPostProcessors (for example: not eligible for auto-proxying). Is this bean getting eagerly injected into a currently created BeanPostProcessor [jobRegistryBeanPostProcessor]? Check the corresponding BeanPostProcessor declaration and its dependencies.
2024-09-19 20:17:48,639 WARN o.s.c.s.PostProcessorRegistrationDelegate$BeanPostProcessorChecker [main] Bean 'transactionExecutionListeners' of type [org.springframework.boot.autoconfigure.transaction.ExecutionListenersTransactionManagerCustomizer] is not eligible for getting processed by all BeanPostProcessors (for example: not eligible for auto-proxying). Is this bean getting eagerly injected into a currently created BeanPostProcessor [jobRegistryBeanPostProcessor]? Check the corresponding BeanPostProcessor declaration and its dependencies.
2024-09-19 20:17:48,644 WARN o.s.c.s.PostProcessorRegistrationDelegate$BeanPostProcessorChecker [main] Bean 'spring.transaction-org.springframework.boot.autoconfigure.transaction.TransactionProperties' of type [org.springframework.boot.autoconfigure.transaction.TransactionProperties] is not eligible for getting processed by all BeanPostProcessors (for example: not eligible for auto-proxying). Is this bean getting eagerly injected into a currently created BeanPostProcessor [jobRegistryBeanPostProcessor]? Check the corresponding BeanPostProcessor declaration and its dependencies.
2024-09-19 20:17:48,646 WARN o.s.c.s.PostProcessorRegistrationDelegate$BeanPostProcessorChecker [main] Bean 'platformTransactionManagerCustomizers' of type [org.springframework.boot.autoconfigure.transaction.TransactionManagerCustomizers] is not eligible for getting processed by all BeanPostProcessors (for example: not eligible for auto-proxying). Is this bean getting eagerly injected into a currently created BeanPostProcessor [jobRegistryBeanPostProcessor]? Check the corresponding BeanPostProcessor declaration and its dependencies.
2024-09-19 20:17:48,657 WARN o.s.c.s.PostProcessorRegistrationDelegate$BeanPostProcessorChecker [main] Bean 'transactionManager' of type [org.springframework.jdbc.support.JdbcTransactionManager] is not eligible for getting processed by all BeanPostProcessors (for example: not eligible for auto-proxying). Is this bean getting eagerly injected into a currently created BeanPostProcessor [jobRegistryBeanPostProcessor]? Check the corresponding BeanPostProcessor declaration and its dependencies.
2024-09-19 20:17:48,665 WARN o.s.c.s.PostProcessorRegistrationDelegate$BeanPostProcessorChecker [main] Bean 'spring.batch-org.springframework.boot.autoconfigure.batch.BatchProperties' of type [org.springframework.boot.autoconfigure.batch.BatchProperties] is not eligible for getting processed by all BeanPostProcessors (for example: not eligible for auto-proxying). Is this bean getting eagerly injected into a currently created BeanPostProcessor [jobRegistryBeanPostProcessor]? Check the corresponding BeanPostProcessor declaration and its dependencies.
2024-09-19 20:17:48,679 WARN o.s.c.s.PostProcessorRegistrationDelegate$BeanPostProcessorChecker [main] Bean 'org.springframework.boot.autoconfigure.batch.BatchAutoConfiguration$SpringBootBatchConfiguration' of type [org.springframework.boot.autoconfigure.batch.BatchAutoConfiguration$SpringBootBatchConfiguration] is not eligible for getting processed by all BeanPostProcessors (for example: not eligible for auto-proxying). The currently created BeanPostProcessor [jobRegistryBeanPostProcessor] is declared through a non-static factory method on that class; consider declaring it as static instead.
2024-09-19 20:17:50,895 INFO c.s.b.p.PrimeirobatchApplication [main] Started PrimeirobatchApplication in 4.401 seconds (process running for 5.537)
2024-09-19 20:17:51,118 INFO o.s.b.c.l.s.SimpleJobLauncher [main] Job: [SimpleJob: [name=imprimeOlaJob]] launched with the following parameters: [{'run.id':'{value=6, type=class java.lang.Long, identifying=true}'}]
2024-09-19 20:17:51,163 INFO o.s.b.c.j.SimpleStepHandler [main] Executing step: [imprimeOlaMundoStep]
2024-09-19 20:17:51,194 INFO o.s.b.c.s.AbstractStep [main] Step: [imprimeOlaMundoStep] executed in 28ms
2024-09-19 20:17:51,210 INFO o.s.b.c.j.SimpleStepHandler [main] Executing step: [imprimeParImpar]
2024-09-19 20:17:51,237 INFO o.s.b.c.s.AbstractStep [main] Step: [imprimeParImpar] executed in 26ms
2024-09-19 20:17:51,252 INFO o.s.b.c.j.SimpleStepHandler [main] Executing step: [arquivoFixoStep]
2024-09-19 20:17:51,305 INFO o.s.b.c.s.AbstractStep [main] Step: [arquivoFixoStep] executed in 51ms
2024-09-19 20:17:51,317 INFO o.s.b.c.l.s.SimpleJobLauncher [main] Job: [SimpleJob: [name=imprimeOlaJob]] completed with the following parameters: [{'run.id':'{value=6, type=class java.lang.Long, identifying=true}'}] and the following status: [COMPLETED] in 176ms
2024-09-19 20:25:51,259 INFO c.s.b.p.PrimeirobatchApplication [main] Starting PrimeirobatchApplication using Java 21 with PID 5508 (E:\Download\PrimeiroBatch\target\classes started by Vitor in E:\Download\PrimeiroBatch)
2024-09-19 20:25:51,276 INFO c.s.b.p.PrimeirobatchApplication [main] No active profile set, falling back to 1 default profile: "default"
2024-09-19 20:25:52,876 WARN o.s.c.s.PostProcessorRegistrationDelegate$BeanPostProcessorChecker [main] Bean 'dataSourceConfig' of type [com.spring.batch.primeirobatch.config.DataSourceConfig$$SpringCGLIB$$0] is not eligible for getting processed by all BeanPostProcessors (for example: not eligible for auto-proxying). Is this bean getting eagerly injected into a currently created BeanPostProcessor [jobRegistryBeanPostProcessor]? Check the corresponding BeanPostProcessor declaration and its dependencies.
2024-09-19 20:25:52,953 WARN o.s.c.s.PostProcessorRegistrationDelegate$BeanPostProcessorChecker [main] Bean 'springDataSource' of type [com.zaxxer.hikari.HikariDataSource] is not eligible for getting processed by all BeanPostProcessors (for example: not eligible for auto-proxying). Is this bean getting eagerly injected into a currently created BeanPostProcessor [jobRegistryBeanPostProcessor]? Check the corresponding BeanPostProcessor declaration and its dependencies.
2024-09-19 20:25:52,961 WARN o.s.c.s.PostProcessorRegistrationDelegate$BeanPostProcessorChecker [main] Bean 'org.springframework.boot.autoconfigure.jdbc.DataSourceTransactionManagerAutoConfiguration$JdbcTransactionManagerConfiguration' of type [org.springframework.boot.autoconfigure.jdbc.DataSourceTransactionManagerAutoConfiguration$JdbcTransactionManagerConfiguration] is not eligible for getting processed by all BeanPostProcessors (for example: not eligible for auto-proxying). Is this bean getting eagerly injected into a currently created BeanPostProcessor [jobRegistryBeanPostProcessor]? Check the corresponding BeanPostProcessor declaration and its dependencies.
2024-09-19 20:25:52,970 WARN o.s.c.s.PostProcessorRegistrationDelegate$BeanPostProcessorChecker [main] Bean 'org.springframework.boot.autoconfigure.transaction.TransactionManagerCustomizationAutoConfiguration' of type [org.springframework.boot.autoconfigure.transaction.TransactionManagerCustomizationAutoConfiguration] is not eligible for getting processed by all BeanPostProcessors (for example: not eligible for auto-proxying). Is this bean getting eagerly injected into a currently created BeanPostProcessor [jobRegistryBeanPostProcessor]? Check the corresponding BeanPostProcessor declaration and its dependencies.
2024-09-19 20:25:52,978 WARN o.s.c.s.PostProcessorRegistrationDelegate$BeanPostProcessorChecker [main] Bean 'transactionExecutionListeners' of type [org.springframework.boot.autoconfigure.transaction.ExecutionListenersTransactionManagerCustomizer] is not eligible for getting processed by all BeanPostProcessors (for example: not eligible for auto-proxying). Is this bean getting eagerly injected into a currently created BeanPostProcessor [jobRegistryBeanPostProcessor]? Check the corresponding BeanPostProcessor declaration and its dependencies.
2024-09-19 20:25:52,983 WARN o.s.c.s.PostProcessorRegistrationDelegate$BeanPostProcessorChecker [main] Bean 'spring.transaction-org.springframework.boot.autoconfigure.transaction.TransactionProperties' of type [org.springframework.boot.autoconfigure.transaction.TransactionProperties] is not eligible for getting processed by all BeanPostProcessors (for example: not eligible for auto-proxying). Is this bean getting eagerly injected into a currently created BeanPostProcessor [jobRegistryBeanPostProcessor]? Check the corresponding BeanPostProcessor declaration and its dependencies.
2024-09-19 20:25:52,985 WARN o.s.c.s.PostProcessorRegistrationDelegate$BeanPostProcessorChecker [main] Bean 'platformTransactionManagerCustomizers' of type [org.springframework.boot.autoconfigure.transaction.TransactionManagerCustomizers] is not eligible for getting processed by all BeanPostProcessors (for example: not eligible for auto-proxying). Is this bean getting eagerly injected into a currently created BeanPostProcessor [jobRegistryBeanPostProcessor]? Check the corresponding BeanPostProcessor declaration and its dependencies.
2024-09-19 20:25:52,995 WARN o.s.c.s.PostProcessorRegistrationDelegate$BeanPostProcessorChecker [main] Bean 'transactionManager' of type [org.springframework.jdbc.support.JdbcTransactionManager] is not eligible for getting processed by all BeanPostProcessors (for example: not eligible for auto-proxying). Is this bean getting eagerly injected into a currently created BeanPostProcessor [jobRegistryBeanPostProcessor]? Check the corresponding BeanPostProcessor declaration and its dependencies.
2024-09-19 20:25:53,002 WARN o.s.c.s.PostProcessorRegistrationDelegate$BeanPostProcessorChecker [main] Bean 'spring.batch-org.springframework.boot.autoconfigure.batch.BatchProperties' of type [org.springframework.boot.autoconfigure.batch.BatchProperties] is not eligible for getting processed by all BeanPostProcessors (for example: not eligible for auto-proxying). Is this bean getting eagerly injected into a currently created BeanPostProcessor [jobRegistryBeanPostProcessor]? Check the corresponding BeanPostProcessor declaration and its dependencies.
2024-09-19 20:25:53,014 WARN o.s.c.s.PostProcessorRegistrationDelegate$BeanPostProcessorChecker [main] Bean 'org.springframework.boot.autoconfigure.batch.BatchAutoConfiguration$SpringBootBatchConfiguration' of type [org.springframework.boot.autoconfigure.batch.BatchAutoConfiguration$SpringBootBatchConfiguration] is not eligible for getting processed by all BeanPostProcessors (for example: not eligible for auto-proxying). The currently created BeanPostProcessor [jobRegistryBeanPostProcessor] is declared through a non-static factory method on that class; consider declaring it as static instead.
2024-09-19 20:25:54,802 INFO c.s.b.p.PrimeirobatchApplication [main] Started PrimeirobatchApplication in 18.207 seconds (process running for 19.878)
2024-09-19 20:26:08,385 INFO o.s.b.c.l.s.SimpleJobLauncher [main] Job: [SimpleJob: [name=imprimeOlaJob]] launched with the following parameters: [{'run.id':'{value=7, type=class java.lang.Long, identifying=true}'}]
2024-09-19 20:26:08,460 INFO o.s.b.c.j.SimpleStepHandler [main] Executing step: [imprimeOlaMundoStep]
2024-09-19 20:26:08,509 INFO o.s.b.c.s.AbstractStep [main] Step: [imprimeOlaMundoStep] executed in 46ms
2024-09-19 20:26:08,533 INFO o.s.b.c.j.SimpleStepHandler [main] Executing step: [imprimeParImpar]
2024-09-19 20:26:08,581 INFO o.s.b.c.s.AbstractStep [main] Step: [imprimeParImpar] executed in 47ms
2024-09-19 20:26:08,615 INFO o.s.b.c.j.SimpleStepHandler [main] Executing step: [arquivoFixoStep]
2024-09-19 20:26:08,716 INFO o.s.b.c.s.AbstractStep [main] Step: [arquivoFixoStep] executed in 100ms
2024-09-19 20:26:08,730 INFO o.s.b.c.l.s.SimpleJobLauncher [main] Job: [SimpleJob: [name=imprimeOlaJob]] completed with the following parameters: [{'run.id':'{value=7, type=class java.lang.Long, identifying=true}'}] and the following status: [COMPLETED] in 320ms
2024-09-19 20:49:35,507 INFO c.s.b.p.PrimeirobatchApplication [main] Starting PrimeirobatchApplication using Java 21 with PID 14824 (E:\Download\PrimeiroBatch\target\classes started by Vitor in E:\Download\PrimeiroBatch)
2024-09-19 20:49:35,522 INFO c.s.b.p.PrimeirobatchApplication [main] No active profile set, falling back to 1 default profile: "default"
2024-09-19 20:49:37,360 WARN o.s.c.s.PostProcessorRegistrationDelegate$BeanPostProcessorChecker [main] Bean 'dataSourceConfig' of type [com.spring.batch.primeirobatch.config.DataSourceConfig$$SpringCGLIB$$0] is not eligible for getting processed by all BeanPostProcessors (for example: not eligible for auto-proxying). Is this bean getting eagerly injected into a currently created BeanPostProcessor [jobRegistryBeanPostProcessor]? Check the corresponding BeanPostProcessor declaration and its dependencies.
2024-09-19 20:49:37,484 WARN o.s.c.s.PostProcessorRegistrationDelegate$BeanPostProcessorChecker [main] Bean 'springDataSource' of type [com.zaxxer.hikari.HikariDataSource] is not eligible for getting processed by all BeanPostProcessors (for example: not eligible for auto-proxying). Is this bean getting eagerly injected into a currently created BeanPostProcessor [jobRegistryBeanPostProcessor]? Check the corresponding BeanPostProcessor declaration and its dependencies.
2024-09-19 20:49:37,501 WARN o.s.c.s.PostProcessorRegistrationDelegate$BeanPostProcessorChecker [main] Bean 'org.springframework.boot.autoconfigure.jdbc.DataSourceTransactionManagerAutoConfiguration$JdbcTransactionManagerConfiguration' of type [org.springframework.boot.autoconfigure.jdbc.DataSourceTransactionManagerAutoConfiguration$JdbcTransactionManagerConfiguration] is not eligible for getting processed by all BeanPostProcessors (for example: not eligible for auto-proxying). Is this bean getting eagerly injected into a currently created BeanPostProcessor [jobRegistryBeanPostProcessor]? Check the corresponding BeanPostProcessor declaration and its dependencies.
2024-09-19 20:49:37,636 WARN o.s.c.s.PostProcessorRegistrationDelegate$BeanPostProcessorChecker [main] Bean 'org.springframework.boot.autoconfigure.transaction.TransactionManagerCustomizationAutoConfiguration' of type [org.springframework.boot.autoconfigure.transaction.TransactionManagerCustomizationAutoConfiguration] is not eligible for getting processed by all BeanPostProcessors (for example: not eligible for auto-proxying). Is this bean getting eagerly injected into a currently created BeanPostProcessor [jobRegistryBeanPostProcessor]? Check the corresponding BeanPostProcessor declaration and its dependencies.
2024-09-19 20:49:37,657 WARN o.s.c.s.PostProcessorRegistrationDelegate$BeanPostProcessorChecker [main] Bean 'transactionExecutionListeners' of type [org.springframework.boot.autoconfigure.transaction.ExecutionListenersTransactionManagerCustomizer] is not eligible for getting processed by all BeanPostProcessors (for example: not eligible for auto-proxying). Is this bean getting eagerly injected into a currently created BeanPostProcessor [jobRegistryBeanPostProcessor]? Check the corresponding BeanPostProcessor declaration and its dependencies.
2024-09-19 20:49:37,678 WARN o.s.c.s.PostProcessorRegistrationDelegate$BeanPostProcessorChecker [main] Bean 'spring.transaction-org.springframework.boot.autoconfigure.transaction.TransactionProperties' of type [org.springframework.boot.autoconfigure.transaction.TransactionProperties] is not eligible for getting processed by all BeanPostProcessors (for example: not eligible for auto-proxying). Is this bean getting eagerly injected into a currently created BeanPostProcessor [jobRegistryBeanPostProcessor]? Check the corresponding BeanPostProcessor declaration and its dependencies.
2024-09-19 20:49:37,681 WARN o.s.c.s.PostProcessorRegistrationDelegate$BeanPostProcessorChecker [main] Bean 'platformTransactionManagerCustomizers' of type [org.springframework.boot.autoconfigure.transaction.TransactionManagerCustomizers] is not eligible for getting processed by all BeanPostProcessors (for example: not eligible for auto-proxying). Is this bean getting eagerly injected into a currently created BeanPostProcessor [jobRegistryBeanPostProcessor]? Check the corresponding BeanPostProcessor declaration and its dependencies.
2024-09-19 20:49:37,700 WARN o.s.c.s.PostProcessorRegistrationDelegate$BeanPostProcessorChecker [main] Bean 'transactionManager' of type [org.springframework.jdbc.support.JdbcTransactionManager] is not eligible for getting processed by all BeanPostProcessors (for example: not eligible for auto-proxying). Is this bean getting eagerly injected into a currently created BeanPostProcessor [jobRegistryBeanPostProcessor]? Check the corresponding BeanPostProcessor declaration and its dependencies.
2024-09-19 20:49:37,721 WARN o.s.c.s.PostProcessorRegistrationDelegate$BeanPostProcessorChecker [main] Bean 'spring.batch-org.springframework.boot.autoconfigure.batch.BatchProperties' of type [org.springframework.boot.autoconfigure.batch.BatchProperties] is not eligible for getting processed by all BeanPostProcessors (for example: not eligible for auto-proxying). Is this bean getting eagerly injected into a currently created BeanPostProcessor [jobRegistryBeanPostProcessor]? Check the corresponding BeanPostProcessor declaration and its dependencies.
2024-09-19 20:49:37,776 WARN o.s.c.s.PostProcessorRegistrationDelegate$BeanPostProcessorChecker [main] Bean 'org.springframework.boot.autoconfigure.batch.BatchAutoConfiguration$SpringBootBatchConfiguration' of type [org.springframework.boot.autoconfigure.batch.BatchAutoConfiguration$SpringBootBatchConfiguration] is not eligible for getting processed by all BeanPostProcessors (for example: not eligible for auto-proxying). The currently created BeanPostProcessor [jobRegistryBeanPostProcessor] is declared through a non-static factory method on that class; consider declaring it as static instead.
2024-09-19 20:49:39,763 INFO c.s.b.p.PrimeirobatchApplication [main] Started PrimeirobatchApplication in 5.095 seconds (process running for 6.679)
2024-09-19 20:49:39,869 INFO o.s.b.c.l.s.SimpleJobLauncher [main] Job: [SimpleJob: [name=imprimeOlaJob]] launched with the following parameters: [{}]
2024-09-19 20:49:39,917 INFO o.s.b.c.j.SimpleStepHandler [main] Executing step: [imprimeOlaMundoStep]
2024-09-19 20:49:39,955 INFO o.s.b.c.s.AbstractStep [main] Step: [imprimeOlaMundoStep] executed in 35ms
2024-09-19 20:49:39,991 INFO o.s.b.c.j.SimpleStepHandler [main] Executing step: [imprimeParImpar]
2024-09-19 20:49:40,024 INFO o.s.b.c.s.AbstractStep [main] Step: [imprimeParImpar] executed in 32ms
2024-09-19 20:49:40,045 INFO o.s.b.c.j.SimpleStepHandler [main] Executing step: [arquivoFixoStep]
2024-09-19 20:49:40,089 ERROR o.s.b.c.s.AbstractStep [main] Encountered an error executing step arquivoFixoStep in job imprimeOlaJob
java.lang.Exception: erro
	at com.spring.batch.primeirobatch.chunk.itemwriter.LeituraClienteArquivoFixoWriterConfig.lambda$leituraClienteArquivoFixoWriter$0(LeituraClienteArquivoFixoWriterConfig.java:15) ~[classes/:?]
	at org.springframework.batch.core.step.item.SimpleChunkProcessor.writeItems(SimpleChunkProcessor.java:203) ~[spring-batch-core-5.1.2.jar:5.1.2]
	at org.springframework.batch.core.step.item.SimpleChunkProcessor.doWrite(SimpleChunkProcessor.java:170) ~[spring-batch-core-5.1.2.jar:5.1.2]
	at org.springframework.batch.core.step.item.SimpleChunkProcessor.write(SimpleChunkProcessor.java:297) ~[spring-batch-core-5.1.2.jar:5.1.2]
	at org.springframework.batch.core.step.item.SimpleChunkProcessor.process(SimpleChunkProcessor.java:227) ~[spring-batch-core-5.1.2.jar:5.1.2]
	at org.springframework.batch.core.step.item.ChunkOrientedTasklet.execute(ChunkOrientedTasklet.java:75) ~[spring-batch-core-5.1.2.jar:5.1.2]
	at org.springframework.batch.core.step.tasklet.TaskletStep$ChunkTransactionCallback.doInTransaction(TaskletStep.java:388) ~[spring-batch-core-5.1.2.jar:5.1.2]
	at org.springframework.batch.core.step.tasklet.TaskletStep$ChunkTransactionCallback.doInTransaction(TaskletStep.java:312) ~[spring-batch-core-5.1.2.jar:5.1.2]
	at org.springframework.transaction.support.TransactionTemplate.execute(TransactionTemplate.java:140) ~[spring-tx-6.1.8.jar:6.1.8]
	at org.springframework.batch.core.step.tasklet.TaskletStep$2.doInChunkContext(TaskletStep.java:255) ~[spring-batch-core-5.1.2.jar:5.1.2]
	at org.springframework.batch.core.scope.context.StepContextRepeatCallback.doInIteration(StepContextRepeatCallback.java:82) ~[spring-batch-core-5.1.2.jar:5.1.2]
	at org.springframework.batch.repeat.support.RepeatTemplate.getNextResult(RepeatTemplate.java:369) ~[spring-batch-infrastructure-5.1.2.jar:5.1.2]
	at org.springframework.batch.repeat.support.RepeatTemplate.executeInternal(RepeatTemplate.java:206) ~[spring-batch-infrastructure-5.1.2.jar:5.1.2]
	at org.springframework.batch.repeat.support.RepeatTemplate.iterate(RepeatTemplate.java:140) ~[spring-batch-infrastructure-5.1.2.jar:5.1.2]
	at org.springframework.batch.core.step.tasklet.TaskletStep.doExecute(TaskletStep.java:240) ~[spring-batch-core-5.1.2.jar:5.1.2]
	at org.springframework.batch.core.step.AbstractStep.execute(AbstractStep.java:229) ~[spring-batch-core-5.1.2.jar:5.1.2]
	at org.springframework.batch.core.job.SimpleStepHandler.handleStep(SimpleStepHandler.java:153) ~[spring-batch-core-5.1.2.jar:5.1.2]
	at org.springframework.batch.core.job.AbstractJob.handleStep(AbstractJob.java:418) ~[spring-batch-core-5.1.2.jar:5.1.2]
	at org.springframework.batch.core.job.SimpleJob.doExecute(SimpleJob.java:132) ~[spring-batch-core-5.1.2.jar:5.1.2]
	at org.springframework.batch.core.job.AbstractJob.execute(AbstractJob.java:317) ~[spring-batch-core-5.1.2.jar:5.1.2]
	at org.springframework.batch.core.launch.support.SimpleJobLauncher$1.run(SimpleJobLauncher.java:157) ~[spring-batch-core-5.1.2.jar:5.1.2]
	at org.springframework.core.task.SyncTaskExecutor.execute(SyncTaskExecutor.java:50) ~[spring-core-6.1.8.jar:6.1.8]
	at org.springframework.batch.core.launch.support.SimpleJobLauncher.run(SimpleJobLauncher.java:148) ~[spring-batch-core-5.1.2.jar:5.1.2]
	at org.springframework.batch.core.launch.support.TaskExecutorJobLauncher.run(TaskExecutorJobLauncher.java:59) ~[spring-batch-core-5.1.2.jar:5.1.2]
	at org.springframework.boot.autoconfigure.batch.JobLauncherApplicationRunner.execute(JobLauncherApplicationRunner.java:210) ~[spring-boot-autoconfigure-3.3.0.jar:3.3.0]
	at org.springframework.boot.autoconfigure.batch.JobLauncherApplicationRunner.executeLocalJobs(JobLauncherApplicationRunner.java:194) ~[spring-boot-autoconfigure-3.3.0.jar:3.3.0]
	at org.springframework.boot.autoconfigure.batch.JobLauncherApplicationRunner.launchJobFromProperties(JobLauncherApplicationRunner.java:174) ~[spring-boot-autoconfigure-3.3.0.jar:3.3.0]
	at org.springframework.boot.autoconfigure.batch.JobLauncherApplicationRunner.run(JobLauncherApplicationRunner.java:169) ~[spring-boot-autoconfigure-3.3.0.jar:3.3.0]
	at org.springframework.boot.autoconfigure.batch.JobLauncherApplicationRunner.run(JobLauncherApplicationRunner.java:164) ~[spring-boot-autoconfigure-3.3.0.jar:3.3.0]
	at org.springframework.boot.SpringApplication.lambda$callRunner$4(SpringApplication.java:786) ~[spring-boot-3.3.0.jar:3.3.0]
	at org.springframework.util.function.ThrowingConsumer$1.acceptWithException(ThrowingConsumer.java:83) ~[spring-core-6.1.8.jar:6.1.8]
	at org.springframework.util.function.ThrowingConsumer.accept(ThrowingConsumer.java:60) ~[spring-core-6.1.8.jar:6.1.8]
	at org.springframework.util.function.ThrowingConsumer$1.accept(ThrowingConsumer.java:88) ~[spring-core-6.1.8.jar:6.1.8]
	at org.springframework.boot.SpringApplication.callRunner(SpringApplication.java:798) ~[spring-boot-3.3.0.jar:3.3.0]
	at org.springframework.boot.SpringApplication.callRunner(SpringApplication.java:786) ~[spring-boot-3.3.0.jar:3.3.0]
	at org.springframework.boot.SpringApplication.lambda$callRunners$3(SpringApplication.java:774) ~[spring-boot-3.3.0.jar:3.3.0]
	at java.base/java.util.stream.ForEachOps$ForEachOp$OfRef.accept(ForEachOps.java:184) [?:?]
	at java.base/java.util.stream.SortedOps$SizedRefSortingSink.end(SortedOps.java:357) [?:?]
	at java.base/java.util.stream.AbstractPipeline.copyInto(AbstractPipeline.java:510) [?:?]
	at java.base/java.util.stream.AbstractPipeline.wrapAndCopyInto(AbstractPipeline.java:499) [?:?]
	at java.base/java.util.stream.ForEachOps$ForEachOp.evaluateSequential(ForEachOps.java:151) [?:?]
	at java.base/java.util.stream.ForEachOps$ForEachOp$OfRef.evaluateSequential(ForEachOps.java:174) [?:?]
	at java.base/java.util.stream.AbstractPipeline.evaluate(AbstractPipeline.java:234) [?:?]
	at java.base/java.util.stream.ReferencePipeline.forEach(ReferencePipeline.java:596) [?:?]
	at org.springframework.boot.SpringApplication.callRunners(SpringApplication.java:774) [spring-boot-3.3.0.jar:3.3.0]
	at org.springframework.boot.SpringApplication.run(SpringApplication.java:342) [spring-boot-3.3.0.jar:3.3.0]
	at org.springframework.boot.SpringApplication.run(SpringApplication.java:1363) [spring-boot-3.3.0.jar:3.3.0]
	at org.springframework.boot.SpringApplication.run(SpringApplication.java:1352) [spring-boot-3.3.0.jar:3.3.0]
	at com.spring.batch.primeirobatch.PrimeirobatchApplication.main(PrimeirobatchApplication.java:12) [classes/:?]
2024-09-19 20:49:40,105 INFO o.s.b.c.s.AbstractStep [main] Step: [arquivoFixoStep] executed in 59ms
2024-09-19 20:49:40,123 INFO o.s.b.c.l.s.SimpleJobLauncher [main] Job: [SimpleJob: [name=imprimeOlaJob]] completed with the following parameters: [{}] and the following status: [FAILED] in 225ms
2024-09-19 20:52:07,656 INFO c.s.b.p.PrimeirobatchApplication [main] Starting PrimeirobatchApplication using Java 21 with PID 14444 (E:\Download\PrimeiroBatch\target\classes started by Vitor in E:\Download\PrimeiroBatch)
2024-09-19 20:52:07,666 INFO c.s.b.p.PrimeirobatchApplication [main] No active profile set, falling back to 1 default profile: "default"
2024-09-19 20:52:08,961 WARN o.s.c.s.PostProcessorRegistrationDelegate$BeanPostProcessorChecker [main] Bean 'dataSourceConfig' of type [com.spring.batch.primeirobatch.config.DataSourceConfig$$SpringCGLIB$$0] is not eligible for getting processed by all BeanPostProcessors (for example: not eligible for auto-proxying). Is this bean getting eagerly injected into a currently created BeanPostProcessor [jobRegistryBeanPostProcessor]? Check the corresponding BeanPostProcessor declaration and its dependencies.
2024-09-19 20:52:09,051 WARN o.s.c.s.PostProcessorRegistrationDelegate$BeanPostProcessorChecker [main] Bean 'springDataSource' of type [com.zaxxer.hikari.HikariDataSource] is not eligible for getting processed by all BeanPostProcessors (for example: not eligible for auto-proxying). Is this bean getting eagerly injected into a currently created BeanPostProcessor [jobRegistryBeanPostProcessor]? Check the corresponding BeanPostProcessor declaration and its dependencies.
2024-09-19 20:52:09,059 WARN o.s.c.s.PostProcessorRegistrationDelegate$BeanPostProcessorChecker [main] Bean 'org.springframework.boot.autoconfigure.jdbc.DataSourceTransactionManagerAutoConfiguration$JdbcTransactionManagerConfiguration' of type [org.springframework.boot.autoconfigure.jdbc.DataSourceTransactionManagerAutoConfiguration$JdbcTransactionManagerConfiguration] is not eligible for getting processed by all BeanPostProcessors (for example: not eligible for auto-proxying). Is this bean getting eagerly injected into a currently created BeanPostProcessor [jobRegistryBeanPostProcessor]? Check the corresponding BeanPostProcessor declaration and its dependencies.
2024-09-19 20:52:09,068 WARN o.s.c.s.PostProcessorRegistrationDelegate$BeanPostProcessorChecker [main] Bean 'org.springframework.boot.autoconfigure.transaction.TransactionManagerCustomizationAutoConfiguration' of type [org.springframework.boot.autoconfigure.transaction.TransactionManagerCustomizationAutoConfiguration] is not eligible for getting processed by all BeanPostProcessors (for example: not eligible for auto-proxying). Is this bean getting eagerly injected into a currently created BeanPostProcessor [jobRegistryBeanPostProcessor]? Check the corresponding BeanPostProcessor declaration and its dependencies.
2024-09-19 20:52:09,077 WARN o.s.c.s.PostProcessorRegistrationDelegate$BeanPostProcessorChecker [main] Bean 'transactionExecutionListeners' of type [org.springframework.boot.autoconfigure.transaction.ExecutionListenersTransactionManagerCustomizer] is not eligible for getting processed by all BeanPostProcessors (for example: not eligible for auto-proxying). Is this bean getting eagerly injected into a currently created BeanPostProcessor [jobRegistryBeanPostProcessor]? Check the corresponding BeanPostProcessor declaration and its dependencies.
2024-09-19 20:52:09,081 WARN o.s.c.s.PostProcessorRegistrationDelegate$BeanPostProcessorChecker [main] Bean 'spring.transaction-org.springframework.boot.autoconfigure.transaction.TransactionProperties' of type [org.springframework.boot.autoconfigure.transaction.TransactionProperties] is not eligible for getting processed by all BeanPostProcessors (for example: not eligible for auto-proxying). Is this bean getting eagerly injected into a currently created BeanPostProcessor [jobRegistryBeanPostProcessor]? Check the corresponding BeanPostProcessor declaration and its dependencies.
2024-09-19 20:52:09,082 WARN o.s.c.s.PostProcessorRegistrationDelegate$BeanPostProcessorChecker [main] Bean 'platformTransactionManagerCustomizers' of type [org.springframework.boot.autoconfigure.transaction.TransactionManagerCustomizers] is not eligible for getting processed by all BeanPostProcessors (for example: not eligible for auto-proxying). Is this bean getting eagerly injected into a currently created BeanPostProcessor [jobRegistryBeanPostProcessor]? Check the corresponding BeanPostProcessor declaration and its dependencies.
2024-09-19 20:52:09,090 WARN o.s.c.s.PostProcessorRegistrationDelegate$BeanPostProcessorChecker [main] Bean 'transactionManager' of type [org.springframework.jdbc.support.JdbcTransactionManager] is not eligible for getting processed by all BeanPostProcessors (for example: not eligible for auto-proxying). Is this bean getting eagerly injected into a currently created BeanPostProcessor [jobRegistryBeanPostProcessor]? Check the corresponding BeanPostProcessor declaration and its dependencies.
2024-09-19 20:52:09,097 WARN o.s.c.s.PostProcessorRegistrationDelegate$BeanPostProcessorChecker [main] Bean 'spring.batch-org.springframework.boot.autoconfigure.batch.BatchProperties' of type [org.springframework.boot.autoconfigure.batch.BatchProperties] is not eligible for getting processed by all BeanPostProcessors (for example: not eligible for auto-proxying). Is this bean getting eagerly injected into a currently created BeanPostProcessor [jobRegistryBeanPostProcessor]? Check the corresponding BeanPostProcessor declaration and its dependencies.
2024-09-19 20:52:09,110 WARN o.s.c.s.PostProcessorRegistrationDelegate$BeanPostProcessorChecker [main] Bean 'org.springframework.boot.autoconfigure.batch.BatchAutoConfiguration$SpringBootBatchConfiguration' of type [org.springframework.boot.autoconfigure.batch.BatchAutoConfiguration$SpringBootBatchConfiguration] is not eligible for getting processed by all BeanPostProcessors (for example: not eligible for auto-proxying). The currently created BeanPostProcessor [jobRegistryBeanPostProcessor] is declared through a non-static factory method on that class; consider declaring it as static instead.
2024-09-19 20:52:10,689 INFO c.s.b.p.PrimeirobatchApplication [main] Started PrimeirobatchApplication in 3.585 seconds (process running for 4.657)
2024-09-19 20:52:10,797 INFO o.s.b.c.l.s.SimpleJobLauncher [main] Job: [SimpleJob: [name=imprimeOlaJob]] launched with the following parameters: [{}]
2024-09-19 20:52:10,826 INFO o.s.b.c.j.SimpleStepHandler [main] Step already complete or not restartable, so no action to execute: StepExecution: id=17, version=3, name=imprimeOlaMundoStep, status=COMPLETED, exitStatus=COMPLETED, readCount=0, filterCount=0, writeCount=0 readSkipCount=0, writeSkipCount=0, processSkipCount=0, commitCount=1, rollbackCount=0, exitDescription=
2024-09-19 20:52:10,831 INFO o.s.b.c.j.SimpleStepHandler [main] Step already complete or not restartable, so no action to execute: StepExecution: id=18, version=4, name=imprimeParImpar, status=COMPLETED, exitStatus=COMPLETED, readCount=10, filterCount=0, writeCount=10 readSkipCount=0, writeSkipCount=0, processSkipCount=0, commitCount=2, rollbackCount=0, exitDescription=
2024-09-19 20:52:10,850 INFO o.s.b.c.j.SimpleStepHandler [main] Executing step: [arquivoFixoStep]
2024-09-19 20:52:10,899 INFO o.s.b.c.s.AbstractStep [main] Step: [arquivoFixoStep] executed in 48ms
2024-09-19 20:52:10,908 INFO o.s.b.c.l.s.SimpleJobLauncher [main] Job: [SimpleJob: [name=imprimeOlaJob]] completed with the following parameters: [{}] and the following status: [COMPLETED] in 93ms
2024-09-19 21:04:57,467 INFO c.s.b.p.PrimeirobatchApplication [main] Starting PrimeirobatchApplication using Java 21 with PID 15232 (E:\Download\PrimeiroBatch\target\classes started by Vitor in E:\Download\PrimeiroBatch)
2024-09-19 21:04:57,480 INFO c.s.b.p.PrimeirobatchApplication [main] No active profile set, falling back to 1 default profile: "default"
2024-09-19 21:04:59,411 WARN o.s.c.s.PostProcessorRegistrationDelegate$BeanPostProcessorChecker [main] Bean 'dataSourceConfig' of type [com.spring.batch.primeirobatch.config.DataSourceConfig$$SpringCGLIB$$0] is not eligible for getting processed by all BeanPostProcessors (for example: not eligible for auto-proxying). Is this bean getting eagerly injected into a currently created BeanPostProcessor [jobRegistryBeanPostProcessor]? Check the corresponding BeanPostProcessor declaration and its dependencies.
2024-09-19 21:04:59,526 WARN o.s.c.s.PostProcessorRegistrationDelegate$BeanPostProcessorChecker [main] Bean 'springDataSource' of type [com.zaxxer.hikari.HikariDataSource] is not eligible for getting processed by all BeanPostProcessors (for example: not eligible for auto-proxying). Is this bean getting eagerly injected into a currently created BeanPostProcessor [jobRegistryBeanPostProcessor]? Check the corresponding BeanPostProcessor declaration and its dependencies.
2024-09-19 21:04:59,540 WARN o.s.c.s.PostProcessorRegistrationDelegate$BeanPostProcessorChecker [main] Bean 'org.springframework.boot.autoconfigure.jdbc.DataSourceTransactionManagerAutoConfiguration$JdbcTransactionManagerConfiguration' of type [org.springframework.boot.autoconfigure.jdbc.DataSourceTransactionManagerAutoConfiguration$JdbcTransactionManagerConfiguration] is not eligible for getting processed by all BeanPostProcessors (for example: not eligible for auto-proxying). Is this bean getting eagerly injected into a currently created BeanPostProcessor [jobRegistryBeanPostProcessor]? Check the corresponding BeanPostProcessor declaration and its dependencies.
2024-09-19 21:04:59,552 WARN o.s.c.s.PostProcessorRegistrationDelegate$BeanPostProcessorChecker [main] Bean 'org.springframework.boot.autoconfigure.transaction.TransactionManagerCustomizationAutoConfiguration' of type [org.springframework.boot.autoconfigure.transaction.TransactionManagerCustomizationAutoConfiguration] is not eligible for getting processed by all BeanPostProcessors (for example: not eligible for auto-proxying). Is this bean getting eagerly injected into a currently created BeanPostProcessor [jobRegistryBeanPostProcessor]? Check the corresponding BeanPostProcessor declaration and its dependencies.
2024-09-19 21:04:59,565 WARN o.s.c.s.PostProcessorRegistrationDelegate$BeanPostProcessorChecker [main] Bean 'transactionExecutionListeners' of type [org.springframework.boot.autoconfigure.transaction.ExecutionListenersTransactionManagerCustomizer] is not eligible for getting processed by all BeanPostProcessors (for example: not eligible for auto-proxying). Is this bean getting eagerly injected into a currently created BeanPostProcessor [jobRegistryBeanPostProcessor]? Check the corresponding BeanPostProcessor declaration and its dependencies.
2024-09-19 21:04:59,574 WARN o.s.c.s.PostProcessorRegistrationDelegate$BeanPostProcessorChecker [main] Bean 'spring.transaction-org.springframework.boot.autoconfigure.transaction.TransactionProperties' of type [org.springframework.boot.autoconfigure.transaction.TransactionProperties] is not eligible for getting processed by all BeanPostProcessors (for example: not eligible for auto-proxying). Is this bean getting eagerly injected into a currently created BeanPostProcessor [jobRegistryBeanPostProcessor]? Check the corresponding BeanPostProcessor declaration and its dependencies.
2024-09-19 21:04:59,577 WARN o.s.c.s.PostProcessorRegistrationDelegate$BeanPostProcessorChecker [main] Bean 'platformTransactionManagerCustomizers' of type [org.springframework.boot.autoconfigure.transaction.TransactionManagerCustomizers] is not eligible for getting processed by all BeanPostProcessors (for example: not eligible for auto-proxying). Is this bean getting eagerly injected into a currently created BeanPostProcessor [jobRegistryBeanPostProcessor]? Check the corresponding BeanPostProcessor declaration and its dependencies.
2024-09-19 21:04:59,587 WARN o.s.c.s.PostProcessorRegistrationDelegate$BeanPostProcessorChecker [main] Bean 'transactionManager' of type [org.springframework.jdbc.support.JdbcTransactionManager] is not eligible for getting processed by all BeanPostProcessors (for example: not eligible for auto-proxying). Is this bean getting eagerly injected into a currently created BeanPostProcessor [jobRegistryBeanPostProcessor]? Check the corresponding BeanPostProcessor declaration and its dependencies.
2024-09-19 21:04:59,617 WARN o.s.c.s.PostProcessorRegistrationDelegate$BeanPostProcessorChecker [main] Bean 'spring.batch-org.springframework.boot.autoconfigure.batch.BatchProperties' of type [org.springframework.boot.autoconfigure.batch.BatchProperties] is not eligible for getting processed by all BeanPostProcessors (for example: not eligible for auto-proxying). Is this bean getting eagerly injected into a currently created BeanPostProcessor [jobRegistryBeanPostProcessor]? Check the corresponding BeanPostProcessor declaration and its dependencies.
2024-09-19 21:04:59,651 WARN o.s.c.s.PostProcessorRegistrationDelegate$BeanPostProcessorChecker [main] Bean 'org.springframework.boot.autoconfigure.batch.BatchAutoConfiguration$SpringBootBatchConfiguration' of type [org.springframework.boot.autoconfigure.batch.BatchAutoConfiguration$SpringBootBatchConfiguration] is not eligible for getting processed by all BeanPostProcessors (for example: not eligible for auto-proxying). The currently created BeanPostProcessor [jobRegistryBeanPostProcessor] is declared through a non-static factory method on that class; consider declaring it as static instead.
2024-09-19 21:05:01,849 INFO c.s.b.p.PrimeirobatchApplication [main] Started PrimeirobatchApplication in 5.135 seconds (process running for 6.444)
2024-09-19 21:05:01,992 INFO o.s.b.c.l.s.SimpleJobLauncher [main] Job: [SimpleJob: [name=imprimeOlaJob]] launched with the following parameters: [{}]
2024-09-19 21:05:02,023 INFO o.s.b.c.j.SimpleStepHandler [main] Step already complete or not restartable, so no action to execute: StepExecution: id=17, version=3, name=imprimeOlaMundoStep, status=COMPLETED, exitStatus=COMPLETED, readCount=0, filterCount=0, writeCount=0 readSkipCount=0, writeSkipCount=0, processSkipCount=0, commitCount=1, rollbackCount=0, exitDescription=
2024-09-19 21:05:02,032 INFO o.s.b.c.j.SimpleStepHandler [main] Step already complete or not restartable, so no action to execute: StepExecution: id=18, version=4, name=imprimeParImpar, status=COMPLETED, exitStatus=COMPLETED, readCount=10, filterCount=0, writeCount=10 readSkipCount=0, writeSkipCount=0, processSkipCount=0, commitCount=2, rollbackCount=0, exitDescription=
2024-09-19 21:05:02,041 INFO o.s.b.c.j.SimpleStepHandler [main] Step already complete or not restartable, so no action to execute: StepExecution: id=20, version=5, name=arquivoFixoStep, status=COMPLETED, exitStatus=COMPLETED, readCount=2, filterCount=0, writeCount=2 readSkipCount=0, writeSkipCount=0, processSkipCount=0, commitCount=3, rollbackCount=0, exitDescription=
2024-09-19 21:05:02,071 INFO o.s.b.c.j.SimpleStepHandler [main] Executing step: [arquivoLimitadoStep]
2024-09-19 21:05:02,144 INFO o.s.b.c.s.AbstractStep [main] Step: [arquivoLimitadoStep] executed in 71ms
2024-09-19 21:05:02,162 INFO o.s.b.c.l.s.SimpleJobLauncher [main] Job: [SimpleJob: [name=imprimeOlaJob]] completed with the following parameters: [{}] and the following status: [COMPLETED] in 147ms
2024-09-19 21:06:07,601 INFO c.s.b.p.PrimeirobatchApplication [main] Starting PrimeirobatchApplication using Java 21 with PID 15940 (E:\Download\PrimeiroBatch\target\classes started by Vitor in E:\Download\PrimeiroBatch)
2024-09-19 21:06:07,609 INFO c.s.b.p.PrimeirobatchApplication [main] No active profile set, falling back to 1 default profile: "default"
2024-09-19 21:06:08,949 WARN o.s.c.s.PostProcessorRegistrationDelegate$BeanPostProcessorChecker [main] Bean 'dataSourceConfig' of type [com.spring.batch.primeirobatch.config.DataSourceConfig$$SpringCGLIB$$0] is not eligible for getting processed by all BeanPostProcessors (for example: not eligible for auto-proxying). Is this bean getting eagerly injected into a currently created BeanPostProcessor [jobRegistryBeanPostProcessor]? Check the corresponding BeanPostProcessor declaration and its dependencies.
2024-09-19 21:06:09,025 WARN o.s.c.s.PostProcessorRegistrationDelegate$BeanPostProcessorChecker [main] Bean 'springDataSource' of type [com.zaxxer.hikari.HikariDataSource] is not eligible for getting processed by all BeanPostProcessors (for example: not eligible for auto-proxying). Is this bean getting eagerly injected into a currently created BeanPostProcessor [jobRegistryBeanPostProcessor]? Check the corresponding BeanPostProcessor declaration and its dependencies.
2024-09-19 21:06:09,032 WARN o.s.c.s.PostProcessorRegistrationDelegate$BeanPostProcessorChecker [main] Bean 'org.springframework.boot.autoconfigure.jdbc.DataSourceTransactionManagerAutoConfiguration$JdbcTransactionManagerConfiguration' of type [org.springframework.boot.autoconfigure.jdbc.DataSourceTransactionManagerAutoConfiguration$JdbcTransactionManagerConfiguration] is not eligible for getting processed by all BeanPostProcessors (for example: not eligible for auto-proxying). Is this bean getting eagerly injected into a currently created BeanPostProcessor [jobRegistryBeanPostProcessor]? Check the corresponding BeanPostProcessor declaration and its dependencies.
2024-09-19 21:06:09,041 WARN o.s.c.s.PostProcessorRegistrationDelegate$BeanPostProcessorChecker [main] Bean 'org.springframework.boot.autoconfigure.transaction.TransactionManagerCustomizationAutoConfiguration' of type [org.springframework.boot.autoconfigure.transaction.TransactionManagerCustomizationAutoConfiguration] is not eligible for getting processed by all BeanPostProcessors (for example: not eligible for auto-proxying). Is this bean getting eagerly injected into a currently created BeanPostProcessor [jobRegistryBeanPostProcessor]? Check the corresponding BeanPostProcessor declaration and its dependencies.
2024-09-19 21:06:09,049 WARN o.s.c.s.PostProcessorRegistrationDelegate$BeanPostProcessorChecker [main] Bean 'transactionExecutionListeners' of type [org.springframework.boot.autoconfigure.transaction.ExecutionListenersTransactionManagerCustomizer] is not eligible for getting processed by all BeanPostProcessors (for example: not eligible for auto-proxying). Is this bean getting eagerly injected into a currently created BeanPostProcessor [jobRegistryBeanPostProcessor]? Check the corresponding BeanPostProcessor declaration and its dependencies.
2024-09-19 21:06:09,054 WARN o.s.c.s.PostProcessorRegistrationDelegate$BeanPostProcessorChecker [main] Bean 'spring.transaction-org.springframework.boot.autoconfigure.transaction.TransactionProperties' of type [org.springframework.boot.autoconfigure.transaction.TransactionProperties] is not eligible for getting processed by all BeanPostProcessors (for example: not eligible for auto-proxying). Is this bean getting eagerly injected into a currently created BeanPostProcessor [jobRegistryBeanPostProcessor]? Check the corresponding BeanPostProcessor declaration and its dependencies.
2024-09-19 21:06:09,056 WARN o.s.c.s.PostProcessorRegistrationDelegate$BeanPostProcessorChecker [main] Bean 'platformTransactionManagerCustomizers' of type [org.springframework.boot.autoconfigure.transaction.TransactionManagerCustomizers] is not eligible for getting processed by all BeanPostProcessors (for example: not eligible for auto-proxying). Is this bean getting eagerly injected into a currently created BeanPostProcessor [jobRegistryBeanPostProcessor]? Check the corresponding BeanPostProcessor declaration and its dependencies.
2024-09-19 21:06:09,065 WARN o.s.c.s.PostProcessorRegistrationDelegate$BeanPostProcessorChecker [main] Bean 'transactionManager' of type [org.springframework.jdbc.support.JdbcTransactionManager] is not eligible for getting processed by all BeanPostProcessors (for example: not eligible for auto-proxying). Is this bean getting eagerly injected into a currently created BeanPostProcessor [jobRegistryBeanPostProcessor]? Check the corresponding BeanPostProcessor declaration and its dependencies.
2024-09-19 21:06:09,072 WARN o.s.c.s.PostProcessorRegistrationDelegate$BeanPostProcessorChecker [main] Bean 'spring.batch-org.springframework.boot.autoconfigure.batch.BatchProperties' of type [org.springframework.boot.autoconfigure.batch.BatchProperties] is not eligible for getting processed by all BeanPostProcessors (for example: not eligible for auto-proxying). Is this bean getting eagerly injected into a currently created BeanPostProcessor [jobRegistryBeanPostProcessor]? Check the corresponding BeanPostProcessor declaration and its dependencies.
2024-09-19 21:06:09,086 WARN o.s.c.s.PostProcessorRegistrationDelegate$BeanPostProcessorChecker [main] Bean 'org.springframework.boot.autoconfigure.batch.BatchAutoConfiguration$SpringBootBatchConfiguration' of type [org.springframework.boot.autoconfigure.batch.BatchAutoConfiguration$SpringBootBatchConfiguration] is not eligible for getting processed by all BeanPostProcessors (for example: not eligible for auto-proxying). The currently created BeanPostProcessor [jobRegistryBeanPostProcessor] is declared through a non-static factory method on that class; consider declaring it as static instead.
2024-09-19 21:06:10,634 INFO c.s.b.p.PrimeirobatchApplication [main] Started PrimeirobatchApplication in 3.601 seconds (process running for 4.621)
2024-09-19 21:06:10,757 INFO o.s.b.c.l.s.SimpleJobLauncher [main] Job: [SimpleJob: [name=imprimeOlaJob]] launched with the following parameters: [{}]
2024-09-19 21:06:10,798 INFO o.s.b.c.j.SimpleStepHandler [main] Step already complete or not restartable, so no action to execute: StepExecution: id=17, version=3, name=imprimeOlaMundoStep, status=COMPLETED, exitStatus=COMPLETED, readCount=0, filterCount=0, writeCount=0 readSkipCount=0, writeSkipCount=0, processSkipCount=0, commitCount=1, rollbackCount=0, exitDescription=
2024-09-19 21:06:10,811 INFO o.s.b.c.j.SimpleStepHandler [main] Step already complete or not restartable, so no action to execute: StepExecution: id=18, version=4, name=imprimeParImpar, status=COMPLETED, exitStatus=COMPLETED, readCount=10, filterCount=0, writeCount=10 readSkipCount=0, writeSkipCount=0, processSkipCount=0, commitCount=2, rollbackCount=0, exitDescription=
2024-09-19 21:06:10,825 INFO o.s.b.c.j.SimpleStepHandler [main] Step already complete or not restartable, so no action to execute: StepExecution: id=20, version=5, name=arquivoFixoStep, status=COMPLETED, exitStatus=COMPLETED, readCount=2, filterCount=0, writeCount=2 readSkipCount=0, writeSkipCount=0, processSkipCount=0, commitCount=3, rollbackCount=0, exitDescription=
2024-09-19 21:06:10,833 INFO o.s.b.c.j.SimpleStepHandler [main] Step already complete or not restartable, so no action to execute: StepExecution: id=21, version=6, name=arquivoLimitadoStep, status=COMPLETED, exitStatus=COMPLETED, readCount=3, filterCount=0, writeCount=3 readSkipCount=0, writeSkipCount=0, processSkipCount=0, commitCount=4, rollbackCount=0, exitDescription=
2024-09-19 21:06:10,845 INFO o.s.b.c.l.s.SimpleJobLauncher [main] Job: [SimpleJob: [name=imprimeOlaJob]] completed with the following parameters: [{}] and the following status: [COMPLETED] in 55ms
2024-09-19 21:10:31,985 INFO c.s.b.p.PrimeirobatchApplication [main] Starting PrimeirobatchApplication using Java 21 with PID 2368 (E:\Download\PrimeiroBatch\target\classes started by Vitor in E:\Download\PrimeiroBatch)
2024-09-19 21:10:31,999 INFO c.s.b.p.PrimeirobatchApplication [main] No active profile set, falling back to 1 default profile: "default"
2024-09-19 21:10:33,469 WARN o.s.c.s.PostProcessorRegistrationDelegate$BeanPostProcessorChecker [main] Bean 'dataSourceConfig' of type [com.spring.batch.primeirobatch.config.DataSourceConfig$$SpringCGLIB$$0] is not eligible for getting processed by all BeanPostProcessors (for example: not eligible for auto-proxying). Is this bean getting eagerly injected into a currently created BeanPostProcessor [jobRegistryBeanPostProcessor]? Check the corresponding BeanPostProcessor declaration and its dependencies.
2024-09-19 21:10:33,548 WARN o.s.c.s.PostProcessorRegistrationDelegate$BeanPostProcessorChecker [main] Bean 'springDataSource' of type [com.zaxxer.hikari.HikariDataSource] is not eligible for getting processed by all BeanPostProcessors (for example: not eligible for auto-proxying). Is this bean getting eagerly injected into a currently created BeanPostProcessor [jobRegistryBeanPostProcessor]? Check the corresponding BeanPostProcessor declaration and its dependencies.
2024-09-19 21:10:33,555 WARN o.s.c.s.PostProcessorRegistrationDelegate$BeanPostProcessorChecker [main] Bean 'org.springframework.boot.autoconfigure.jdbc.DataSourceTransactionManagerAutoConfiguration$JdbcTransactionManagerConfiguration' of type [org.springframework.boot.autoconfigure.jdbc.DataSourceTransactionManagerAutoConfiguration$JdbcTransactionManagerConfiguration] is not eligible for getting processed by all BeanPostProcessors (for example: not eligible for auto-proxying). Is this bean getting eagerly injected into a currently created BeanPostProcessor [jobRegistryBeanPostProcessor]? Check the corresponding BeanPostProcessor declaration and its dependencies.
2024-09-19 21:10:33,566 WARN o.s.c.s.PostProcessorRegistrationDelegate$BeanPostProcessorChecker [main] Bean 'org.springframework.boot.autoconfigure.transaction.TransactionManagerCustomizationAutoConfiguration' of type [org.springframework.boot.autoconfigure.transaction.TransactionManagerCustomizationAutoConfiguration] is not eligible for getting processed by all BeanPostProcessors (for example: not eligible for auto-proxying). Is this bean getting eagerly injected into a currently created BeanPostProcessor [jobRegistryBeanPostProcessor]? Check the corresponding BeanPostProcessor declaration and its dependencies.
2024-09-19 21:10:33,573 WARN o.s.c.s.PostProcessorRegistrationDelegate$BeanPostProcessorChecker [main] Bean 'transactionExecutionListeners' of type [org.springframework.boot.autoconfigure.transaction.ExecutionListenersTransactionManagerCustomizer] is not eligible for getting processed by all BeanPostProcessors (for example: not eligible for auto-proxying). Is this bean getting eagerly injected into a currently created BeanPostProcessor [jobRegistryBeanPostProcessor]? Check the corresponding BeanPostProcessor declaration and its dependencies.
2024-09-19 21:10:33,579 WARN o.s.c.s.PostProcessorRegistrationDelegate$BeanPostProcessorChecker [main] Bean 'spring.transaction-org.springframework.boot.autoconfigure.transaction.TransactionProperties' of type [org.springframework.boot.autoconfigure.transaction.TransactionProperties] is not eligible for getting processed by all BeanPostProcessors (for example: not eligible for auto-proxying). Is this bean getting eagerly injected into a currently created BeanPostProcessor [jobRegistryBeanPostProcessor]? Check the corresponding BeanPostProcessor declaration and its dependencies.
2024-09-19 21:10:33,580 WARN o.s.c.s.PostProcessorRegistrationDelegate$BeanPostProcessorChecker [main] Bean 'platformTransactionManagerCustomizers' of type [org.springframework.boot.autoconfigure.transaction.TransactionManagerCustomizers] is not eligible for getting processed by all BeanPostProcessors (for example: not eligible for auto-proxying). Is this bean getting eagerly injected into a currently created BeanPostProcessor [jobRegistryBeanPostProcessor]? Check the corresponding BeanPostProcessor declaration and its dependencies.
2024-09-19 21:10:33,590 WARN o.s.c.s.PostProcessorRegistrationDelegate$BeanPostProcessorChecker [main] Bean 'transactionManager' of type [org.springframework.jdbc.support.JdbcTransactionManager] is not eligible for getting processed by all BeanPostProcessors (for example: not eligible for auto-proxying). Is this bean getting eagerly injected into a currently created BeanPostProcessor [jobRegistryBeanPostProcessor]? Check the corresponding BeanPostProcessor declaration and its dependencies.
2024-09-19 21:10:33,598 WARN o.s.c.s.PostProcessorRegistrationDelegate$BeanPostProcessorChecker [main] Bean 'spring.batch-org.springframework.boot.autoconfigure.batch.BatchProperties' of type [org.springframework.boot.autoconfigure.batch.BatchProperties] is not eligible for getting processed by all BeanPostProcessors (for example: not eligible for auto-proxying). Is this bean getting eagerly injected into a currently created BeanPostProcessor [jobRegistryBeanPostProcessor]? Check the corresponding BeanPostProcessor declaration and its dependencies.
2024-09-19 21:10:33,611 WARN o.s.c.s.PostProcessorRegistrationDelegate$BeanPostProcessorChecker [main] Bean 'org.springframework.boot.autoconfigure.batch.BatchAutoConfiguration$SpringBootBatchConfiguration' of type [org.springframework.boot.autoconfigure.batch.BatchAutoConfiguration$SpringBootBatchConfiguration] is not eligible for getting processed by all BeanPostProcessors (for example: not eligible for auto-proxying). The currently created BeanPostProcessor [jobRegistryBeanPostProcessor] is declared through a non-static factory method on that class; consider declaring it as static instead.
2024-09-19 21:10:35,279 INFO c.s.b.p.PrimeirobatchApplication [main] Started PrimeirobatchApplication in 3.922 seconds (process running for 5.112)
2024-09-19 21:10:35,395 INFO o.s.b.c.l.s.SimpleJobLauncher [main] Job: [SimpleJob: [name=imprimeOlaJob]] launched with the following parameters: [{}]
2024-09-19 21:10:35,430 INFO o.s.b.c.j.SimpleStepHandler [main] Step already complete or not restartable, so no action to execute: StepExecution: id=17, version=3, name=imprimeOlaMundoStep, status=COMPLETED, exitStatus=COMPLETED, readCount=0, filterCount=0, writeCount=0 readSkipCount=0, writeSkipCount=0, processSkipCount=0, commitCount=1, rollbackCount=0, exitDescription=
2024-09-19 21:10:35,437 INFO o.s.b.c.j.SimpleStepHandler [main] Step already complete or not restartable, so no action to execute: StepExecution: id=18, version=4, name=imprimeParImpar, status=COMPLETED, exitStatus=COMPLETED, readCount=10, filterCount=0, writeCount=10 readSkipCount=0, writeSkipCount=0, processSkipCount=0, commitCount=2, rollbackCount=0, exitDescription=
2024-09-19 21:10:35,450 INFO o.s.b.c.j.SimpleStepHandler [main] Step already complete or not restartable, so no action to execute: StepExecution: id=20, version=5, name=arquivoFixoStep, status=COMPLETED, exitStatus=COMPLETED, readCount=2, filterCount=0, writeCount=2 readSkipCount=0, writeSkipCount=0, processSkipCount=0, commitCount=3, rollbackCount=0, exitDescription=
2024-09-19 21:10:35,459 INFO o.s.b.c.j.SimpleStepHandler [main] Step already complete or not restartable, so no action to execute: StepExecution: id=21, version=6, name=arquivoLimitadoStep, status=COMPLETED, exitStatus=COMPLETED, readCount=3, filterCount=0, writeCount=3 readSkipCount=0, writeSkipCount=0, processSkipCount=0, commitCount=4, rollbackCount=0, exitDescription=
2024-09-19 21:10:35,469 INFO o.s.b.c.l.s.SimpleJobLauncher [main] Job: [SimpleJob: [name=imprimeOlaJob]] completed with the following parameters: [{}] and the following status: [COMPLETED] in 48ms
2024-09-19 21:14:53,683 INFO c.s.b.p.PrimeirobatchApplication [main] Starting PrimeirobatchApplication using Java 21 with PID 10744 (E:\Download\PrimeiroBatch\target\classes started by Vitor in E:\Download\PrimeiroBatch)
2024-09-19 21:14:53,694 INFO c.s.b.p.PrimeirobatchApplication [main] No active profile set, falling back to 1 default profile: "default"
2024-09-19 21:14:55,198 WARN o.s.c.s.PostProcessorRegistrationDelegate$BeanPostProcessorChecker [main] Bean 'dataSourceConfig' of type [com.spring.batch.primeirobatch.config.DataSourceConfig$$SpringCGLIB$$0] is not eligible for getting processed by all BeanPostProcessors (for example: not eligible for auto-proxying). Is this bean getting eagerly injected into a currently created BeanPostProcessor [jobRegistryBeanPostProcessor]? Check the corresponding BeanPostProcessor declaration and its dependencies.
2024-09-19 21:14:55,299 WARN o.s.c.s.PostProcessorRegistrationDelegate$BeanPostProcessorChecker [main] Bean 'springDataSource' of type [com.zaxxer.hikari.HikariDataSource] is not eligible for getting processed by all BeanPostProcessors (for example: not eligible for auto-proxying). Is this bean getting eagerly injected into a currently created BeanPostProcessor [jobRegistryBeanPostProcessor]? Check the corresponding BeanPostProcessor declaration and its dependencies.
2024-09-19 21:14:55,313 WARN o.s.c.s.PostProcessorRegistrationDelegate$BeanPostProcessorChecker [main] Bean 'org.springframework.boot.autoconfigure.jdbc.DataSourceTransactionManagerAutoConfiguration$JdbcTransactionManagerConfiguration' of type [org.springframework.boot.autoconfigure.jdbc.DataSourceTransactionManagerAutoConfiguration$JdbcTransactionManagerConfiguration] is not eligible for getting processed by all BeanPostProcessors (for example: not eligible for auto-proxying). Is this bean getting eagerly injected into a currently created BeanPostProcessor [jobRegistryBeanPostProcessor]? Check the corresponding BeanPostProcessor declaration and its dependencies.
2024-09-19 21:14:55,326 WARN o.s.c.s.PostProcessorRegistrationDelegate$BeanPostProcessorChecker [main] Bean 'org.springframework.boot.autoconfigure.transaction.TransactionManagerCustomizationAutoConfiguration' of type [org.springframework.boot.autoconfigure.transaction.TransactionManagerCustomizationAutoConfiguration] is not eligible for getting processed by all BeanPostProcessors (for example: not eligible for auto-proxying). Is this bean getting eagerly injected into a currently created BeanPostProcessor [jobRegistryBeanPostProcessor]? Check the corresponding BeanPostProcessor declaration and its dependencies.
2024-09-19 21:14:55,339 WARN o.s.c.s.PostProcessorRegistrationDelegate$BeanPostProcessorChecker [main] Bean 'transactionExecutionListeners' of type [org.springframework.boot.autoconfigure.transaction.ExecutionListenersTransactionManagerCustomizer] is not eligible for getting processed by all BeanPostProcessors (for example: not eligible for auto-proxying). Is this bean getting eagerly injected into a currently created BeanPostProcessor [jobRegistryBeanPostProcessor]? Check the corresponding BeanPostProcessor declaration and its dependencies.
2024-09-19 21:14:55,347 WARN o.s.c.s.PostProcessorRegistrationDelegate$BeanPostProcessorChecker [main] Bean 'spring.transaction-org.springframework.boot.autoconfigure.transaction.TransactionProperties' of type [org.springframework.boot.autoconfigure.transaction.TransactionProperties] is not eligible for getting processed by all BeanPostProcessors (for example: not eligible for auto-proxying). Is this bean getting eagerly injected into a currently created BeanPostProcessor [jobRegistryBeanPostProcessor]? Check the corresponding BeanPostProcessor declaration and its dependencies.
2024-09-19 21:14:55,349 WARN o.s.c.s.PostProcessorRegistrationDelegate$BeanPostProcessorChecker [main] Bean 'platformTransactionManagerCustomizers' of type [org.springframework.boot.autoconfigure.transaction.TransactionManagerCustomizers] is not eligible for getting processed by all BeanPostProcessors (for example: not eligible for auto-proxying). Is this bean getting eagerly injected into a currently created BeanPostProcessor [jobRegistryBeanPostProcessor]? Check the corresponding BeanPostProcessor declaration and its dependencies.
2024-09-19 21:14:55,359 WARN o.s.c.s.PostProcessorRegistrationDelegate$BeanPostProcessorChecker [main] Bean 'transactionManager' of type [org.springframework.jdbc.support.JdbcTransactionManager] is not eligible for getting processed by all BeanPostProcessors (for example: not eligible for auto-proxying). Is this bean getting eagerly injected into a currently created BeanPostProcessor [jobRegistryBeanPostProcessor]? Check the corresponding BeanPostProcessor declaration and its dependencies.
2024-09-19 21:14:55,370 WARN o.s.c.s.PostProcessorRegistrationDelegate$BeanPostProcessorChecker [main] Bean 'spring.batch-org.springframework.boot.autoconfigure.batch.BatchProperties' of type [org.springframework.boot.autoconfigure.batch.BatchProperties] is not eligible for getting processed by all BeanPostProcessors (for example: not eligible for auto-proxying). Is this bean getting eagerly injected into a currently created BeanPostProcessor [jobRegistryBeanPostProcessor]? Check the corresponding BeanPostProcessor declaration and its dependencies.
2024-09-19 21:14:55,385 WARN o.s.c.s.PostProcessorRegistrationDelegate$BeanPostProcessorChecker [main] Bean 'org.springframework.boot.autoconfigure.batch.BatchAutoConfiguration$SpringBootBatchConfiguration' of type [org.springframework.boot.autoconfigure.batch.BatchAutoConfiguration$SpringBootBatchConfiguration] is not eligible for getting processed by all BeanPostProcessors (for example: not eligible for auto-proxying). The currently created BeanPostProcessor [jobRegistryBeanPostProcessor] is declared through a non-static factory method on that class; consider declaring it as static instead.
2024-09-19 21:14:56,925 INFO c.s.b.p.PrimeirobatchApplication [main] Started PrimeirobatchApplication in 3.858 seconds (process running for 5.016)
2024-09-19 21:14:57,048 INFO o.s.b.c.l.s.SimpleJobLauncher [main] Job: [SimpleJob: [name=imprimeOlaJob]] launched with the following parameters: [{}]
2024-09-19 21:14:57,082 INFO o.s.b.c.j.SimpleStepHandler [main] Step already complete or not restartable, so no action to execute: StepExecution: id=17, version=3, name=imprimeOlaMundoStep, status=COMPLETED, exitStatus=COMPLETED, readCount=0, filterCount=0, writeCount=0 readSkipCount=0, writeSkipCount=0, processSkipCount=0, commitCount=1, rollbackCount=0, exitDescription=
2024-09-19 21:14:57,088 INFO o.s.b.c.j.SimpleStepHandler [main] Step already complete or not restartable, so no action to execute: StepExecution: id=18, version=4, name=imprimeParImpar, status=COMPLETED, exitStatus=COMPLETED, readCount=10, filterCount=0, writeCount=10 readSkipCount=0, writeSkipCount=0, processSkipCount=0, commitCount=2, rollbackCount=0, exitDescription=
2024-09-19 21:14:57,096 INFO o.s.b.c.j.SimpleStepHandler [main] Step already complete or not restartable, so no action to execute: StepExecution: id=20, version=5, name=arquivoFixoStep, status=COMPLETED, exitStatus=COMPLETED, readCount=2, filterCount=0, writeCount=2 readSkipCount=0, writeSkipCount=0, processSkipCount=0, commitCount=3, rollbackCount=0, exitDescription=
2024-09-19 21:14:57,103 INFO o.s.b.c.j.SimpleStepHandler [main] Step already complete or not restartable, so no action to execute: StepExecution: id=21, version=6, name=arquivoLimitadoStep, status=COMPLETED, exitStatus=COMPLETED, readCount=3, filterCount=0, writeCount=3 readSkipCount=0, writeSkipCount=0, processSkipCount=0, commitCount=4, rollbackCount=0, exitDescription=
2024-09-19 21:14:57,114 INFO o.s.b.c.l.s.SimpleJobLauncher [main] Job: [SimpleJob: [name=imprimeOlaJob]] completed with the following parameters: [{}] and the following status: [COMPLETED] in 40ms
2024-09-19 21:20:12,505 INFO c.s.b.p.PrimeirobatchApplication [main] Starting PrimeirobatchApplication using Java 21 with PID 15860 (E:\Download\PrimeiroBatch\target\classes started by Vitor in E:\Download\PrimeiroBatch)
2024-09-19 21:20:12,515 INFO c.s.b.p.PrimeirobatchApplication [main] No active profile set, falling back to 1 default profile: "default"
2024-09-19 21:20:13,911 WARN o.s.c.s.PostProcessorRegistrationDelegate$BeanPostProcessorChecker [main] Bean 'dataSourceConfig' of type [com.spring.batch.primeirobatch.config.DataSourceConfig$$SpringCGLIB$$0] is not eligible for getting processed by all BeanPostProcessors (for example: not eligible for auto-proxying). Is this bean getting eagerly injected into a currently created BeanPostProcessor [jobRegistryBeanPostProcessor]? Check the corresponding BeanPostProcessor declaration and its dependencies.
2024-09-19 21:20:14,015 WARN o.s.c.s.PostProcessorRegistrationDelegate$BeanPostProcessorChecker [main] Bean 'springDataSource' of type [com.zaxxer.hikari.HikariDataSource] is not eligible for getting processed by all BeanPostProcessors (for example: not eligible for auto-proxying). Is this bean getting eagerly injected into a currently created BeanPostProcessor [jobRegistryBeanPostProcessor]? Check the corresponding BeanPostProcessor declaration and its dependencies.
2024-09-19 21:20:14,029 WARN o.s.c.s.PostProcessorRegistrationDelegate$BeanPostProcessorChecker [main] Bean 'org.springframework.boot.autoconfigure.jdbc.DataSourceTransactionManagerAutoConfiguration$JdbcTransactionManagerConfiguration' of type [org.springframework.boot.autoconfigure.jdbc.DataSourceTransactionManagerAutoConfiguration$JdbcTransactionManagerConfiguration] is not eligible for getting processed by all BeanPostProcessors (for example: not eligible for auto-proxying). Is this bean getting eagerly injected into a currently created BeanPostProcessor [jobRegistryBeanPostProcessor]? Check the corresponding BeanPostProcessor declaration and its dependencies.
2024-09-19 21:20:14,041 WARN o.s.c.s.PostProcessorRegistrationDelegate$BeanPostProcessorChecker [main] Bean 'org.springframework.boot.autoconfigure.transaction.TransactionManagerCustomizationAutoConfiguration' of type [org.springframework.boot.autoconfigure.transaction.TransactionManagerCustomizationAutoConfiguration] is not eligible for getting processed by all BeanPostProcessors (for example: not eligible for auto-proxying). Is this bean getting eagerly injected into a currently created BeanPostProcessor [jobRegistryBeanPostProcessor]? Check the corresponding BeanPostProcessor declaration and its dependencies.
2024-09-19 21:20:14,053 WARN o.s.c.s.PostProcessorRegistrationDelegate$BeanPostProcessorChecker [main] Bean 'transactionExecutionListeners' of type [org.springframework.boot.autoconfigure.transaction.ExecutionListenersTransactionManagerCustomizer] is not eligible for getting processed by all BeanPostProcessors (for example: not eligible for auto-proxying). Is this bean getting eagerly injected into a currently created BeanPostProcessor [jobRegistryBeanPostProcessor]? Check the corresponding BeanPostProcessor declaration and its dependencies.
2024-09-19 21:20:14,060 WARN o.s.c.s.PostProcessorRegistrationDelegate$BeanPostProcessorChecker [main] Bean 'spring.transaction-org.springframework.boot.autoconfigure.transaction.TransactionProperties' of type [org.springframework.boot.autoconfigure.transaction.TransactionProperties] is not eligible for getting processed by all BeanPostProcessors (for example: not eligible for auto-proxying). Is this bean getting eagerly injected into a currently created BeanPostProcessor [jobRegistryBeanPostProcessor]? Check the corresponding BeanPostProcessor declaration and its dependencies.
2024-09-19 21:20:14,063 WARN o.s.c.s.PostProcessorRegistrationDelegate$BeanPostProcessorChecker [main] Bean 'platformTransactionManagerCustomizers' of type [org.springframework.boot.autoconfigure.transaction.TransactionManagerCustomizers] is not eligible for getting processed by all BeanPostProcessors (for example: not eligible for auto-proxying). Is this bean getting eagerly injected into a currently created BeanPostProcessor [jobRegistryBeanPostProcessor]? Check the corresponding BeanPostProcessor declaration and its dependencies.
2024-09-19 21:20:14,077 WARN o.s.c.s.PostProcessorRegistrationDelegate$BeanPostProcessorChecker [main] Bean 'transactionManager' of type [org.springframework.jdbc.support.JdbcTransactionManager] is not eligible for getting processed by all BeanPostProcessors (for example: not eligible for auto-proxying). Is this bean getting eagerly injected into a currently created BeanPostProcessor [jobRegistryBeanPostProcessor]? Check the corresponding BeanPostProcessor declaration and its dependencies.
2024-09-19 21:20:14,086 WARN o.s.c.s.PostProcessorRegistrationDelegate$BeanPostProcessorChecker [main] Bean 'spring.batch-org.springframework.boot.autoconfigure.batch.BatchProperties' of type [org.springframework.boot.autoconfigure.batch.BatchProperties] is not eligible for getting processed by all BeanPostProcessors (for example: not eligible for auto-proxying). Is this bean getting eagerly injected into a currently created BeanPostProcessor [jobRegistryBeanPostProcessor]? Check the corresponding BeanPostProcessor declaration and its dependencies.
2024-09-19 21:20:14,104 WARN o.s.c.s.PostProcessorRegistrationDelegate$BeanPostProcessorChecker [main] Bean 'org.springframework.boot.autoconfigure.batch.BatchAutoConfiguration$SpringBootBatchConfiguration' of type [org.springframework.boot.autoconfigure.batch.BatchAutoConfiguration$SpringBootBatchConfiguration] is not eligible for getting processed by all BeanPostProcessors (for example: not eligible for auto-proxying). The currently created BeanPostProcessor [jobRegistryBeanPostProcessor] is declared through a non-static factory method on that class; consider declaring it as static instead.
2024-09-19 21:20:16,118 INFO c.s.b.p.PrimeirobatchApplication [main] Started PrimeirobatchApplication in 4.182 seconds (process running for 5.258)
2024-09-19 21:20:16,200 INFO o.s.b.c.l.s.SimpleJobLauncher [main] Job: [SimpleJob: [name=imprimeOlaJob]] launched with the following parameters: [{'run.id':'{value=1, type=class java.lang.Long, identifying=true}'}]
2024-09-19 21:20:16,237 INFO o.s.b.c.j.SimpleStepHandler [main] Executing step: [imprimeOlaMundoStep]
2024-09-19 21:20:16,259 INFO o.s.b.c.s.AbstractStep [main] Step: [imprimeOlaMundoStep] executed in 20ms
2024-09-19 21:20:16,274 INFO o.s.b.c.j.SimpleStepHandler [main] Executing step: [imprimeParImpar]
2024-09-19 21:20:16,303 INFO o.s.b.c.s.AbstractStep [main] Step: [imprimeParImpar] executed in 28ms
2024-09-19 21:20:16,320 INFO o.s.b.c.j.SimpleStepHandler [main] Executing step: [arquivoFixoStep]
2024-09-19 21:20:16,370 INFO o.s.b.c.s.AbstractStep [main] Step: [arquivoFixoStep] executed in 49ms
2024-09-19 21:20:16,386 INFO o.s.b.c.j.SimpleStepHandler [main] Executing step: [arquivoLimitadoStep]
2024-09-19 21:20:16,418 INFO o.s.b.c.s.AbstractStep [main] Step: [arquivoLimitadoStep] executed in 31ms
2024-09-19 21:20:16,430 INFO o.s.b.c.l.s.SimpleJobLauncher [main] Job: [SimpleJob: [name=imprimeOlaJob]] completed with the following parameters: [{'run.id':'{value=1, type=class java.lang.Long, identifying=true}'}] and the following status: [COMPLETED] in 210ms
2024-09-19 21:20:36,301 INFO c.s.b.p.PrimeirobatchApplication [main] Starting PrimeirobatchApplication using Java 21 with PID 6112 (E:\Download\PrimeiroBatch\target\classes started by Vitor in E:\Download\PrimeiroBatch)
2024-09-19 21:20:36,310 INFO c.s.b.p.PrimeirobatchApplication [main] No active profile set, falling back to 1 default profile: "default"
2024-09-19 21:20:37,633 WARN o.s.c.s.PostProcessorRegistrationDelegate$BeanPostProcessorChecker [main] Bean 'dataSourceConfig' of type [com.spring.batch.primeirobatch.config.DataSourceConfig$$SpringCGLIB$$0] is not eligible for getting processed by all BeanPostProcessors (for example: not eligible for auto-proxying). Is this bean getting eagerly injected into a currently created BeanPostProcessor [jobRegistryBeanPostProcessor]? Check the corresponding BeanPostProcessor declaration and its dependencies.
2024-09-19 21:20:37,711 WARN o.s.c.s.PostProcessorRegistrationDelegate$BeanPostProcessorChecker [main] Bean 'springDataSource' of type [com.zaxxer.hikari.HikariDataSource] is not eligible for getting processed by all BeanPostProcessors (for example: not eligible for auto-proxying). Is this bean getting eagerly injected into a currently created BeanPostProcessor [jobRegistryBeanPostProcessor]? Check the corresponding BeanPostProcessor declaration and its dependencies.
2024-09-19 21:20:37,719 WARN o.s.c.s.PostProcessorRegistrationDelegate$BeanPostProcessorChecker [main] Bean 'org.springframework.boot.autoconfigure.jdbc.DataSourceTransactionManagerAutoConfiguration$JdbcTransactionManagerConfiguration' of type [org.springframework.boot.autoconfigure.jdbc.DataSourceTransactionManagerAutoConfiguration$JdbcTransactionManagerConfiguration] is not eligible for getting processed by all BeanPostProcessors (for example: not eligible for auto-proxying). Is this bean getting eagerly injected into a currently created BeanPostProcessor [jobRegistryBeanPostProcessor]? Check the corresponding BeanPostProcessor declaration and its dependencies.
2024-09-19 21:20:37,727 WARN o.s.c.s.PostProcessorRegistrationDelegate$BeanPostProcessorChecker [main] Bean 'org.springframework.boot.autoconfigure.transaction.TransactionManagerCustomizationAutoConfiguration' of type [org.springframework.boot.autoconfigure.transaction.TransactionManagerCustomizationAutoConfiguration] is not eligible for getting processed by all BeanPostProcessors (for example: not eligible for auto-proxying). Is this bean getting eagerly injected into a currently created BeanPostProcessor [jobRegistryBeanPostProcessor]? Check the corresponding BeanPostProcessor declaration and its dependencies.
2024-09-19 21:20:37,736 WARN o.s.c.s.PostProcessorRegistrationDelegate$BeanPostProcessorChecker [main] Bean 'transactionExecutionListeners' of type [org.springframework.boot.autoconfigure.transaction.ExecutionListenersTransactionManagerCustomizer] is not eligible for getting processed by all BeanPostProcessors (for example: not eligible for auto-proxying). Is this bean getting eagerly injected into a currently created BeanPostProcessor [jobRegistryBeanPostProcessor]? Check the corresponding BeanPostProcessor declaration and its dependencies.
2024-09-19 21:20:37,747 WARN o.s.c.s.PostProcessorRegistrationDelegate$BeanPostProcessorChecker [main] Bean 'spring.transaction-org.springframework.boot.autoconfigure.transaction.TransactionProperties' of type [org.springframework.boot.autoconfigure.transaction.TransactionProperties] is not eligible for getting processed by all BeanPostProcessors (for example: not eligible for auto-proxying). Is this bean getting eagerly injected into a currently created BeanPostProcessor [jobRegistryBeanPostProcessor]? Check the corresponding BeanPostProcessor declaration and its dependencies.
2024-09-19 21:20:37,748 WARN o.s.c.s.PostProcessorRegistrationDelegate$BeanPostProcessorChecker [main] Bean 'platformTransactionManagerCustomizers' of type [org.springframework.boot.autoconfigure.transaction.TransactionManagerCustomizers] is not eligible for getting processed by all BeanPostProcessors (for example: not eligible for auto-proxying). Is this bean getting eagerly injected into a currently created BeanPostProcessor [jobRegistryBeanPostProcessor]? Check the corresponding BeanPostProcessor declaration and its dependencies.
2024-09-19 21:20:37,760 WARN o.s.c.s.PostProcessorRegistrationDelegate$BeanPostProcessorChecker [main] Bean 'transactionManager' of type [org.springframework.jdbc.support.JdbcTransactionManager] is not eligible for getting processed by all BeanPostProcessors (for example: not eligible for auto-proxying). Is this bean getting eagerly injected into a currently created BeanPostProcessor [jobRegistryBeanPostProcessor]? Check the corresponding BeanPostProcessor declaration and its dependencies.
2024-09-19 21:20:37,767 WARN o.s.c.s.PostProcessorRegistrationDelegate$BeanPostProcessorChecker [main] Bean 'spring.batch-org.springframework.boot.autoconfigure.batch.BatchProperties' of type [org.springframework.boot.autoconfigure.batch.BatchProperties] is not eligible for getting processed by all BeanPostProcessors (for example: not eligible for auto-proxying). Is this bean getting eagerly injected into a currently created BeanPostProcessor [jobRegistryBeanPostProcessor]? Check the corresponding BeanPostProcessor declaration and its dependencies.
2024-09-19 21:20:37,781 WARN o.s.c.s.PostProcessorRegistrationDelegate$BeanPostProcessorChecker [main] Bean 'org.springframework.boot.autoconfigure.batch.BatchAutoConfiguration$SpringBootBatchConfiguration' of type [org.springframework.boot.autoconfigure.batch.BatchAutoConfiguration$SpringBootBatchConfiguration] is not eligible for getting processed by all BeanPostProcessors (for example: not eligible for auto-proxying). The currently created BeanPostProcessor [jobRegistryBeanPostProcessor] is declared through a non-static factory method on that class; consider declaring it as static instead.
2024-09-19 21:20:39,344 INFO c.s.b.p.PrimeirobatchApplication [main] Started PrimeirobatchApplication in 3.599 seconds (process running for 4.685)
2024-09-19 21:20:39,457 INFO o.s.b.c.l.s.SimpleJobLauncher [main] Job: [SimpleJob: [name=imprimeOlaJob]] launched with the following parameters: [{'run.id':'{value=2, type=class java.lang.Long, identifying=true}'}]
2024-09-19 21:20:39,492 INFO o.s.b.c.j.SimpleStepHandler [main] Executing step: [imprimeOlaMundoStep]
2024-09-19 21:20:39,518 INFO o.s.b.c.s.AbstractStep [main] Step: [imprimeOlaMundoStep] executed in 24ms
2024-09-19 21:20:39,537 INFO o.s.b.c.j.SimpleStepHandler [main] Executing step: [imprimeParImpar]
2024-09-19 21:20:39,567 INFO o.s.b.c.s.AbstractStep [main] Step: [imprimeParImpar] executed in 29ms
2024-09-19 21:20:39,587 INFO o.s.b.c.j.SimpleStepHandler [main] Executing step: [arquivoFixoStep]
2024-09-19 21:20:39,629 INFO o.s.b.c.s.AbstractStep [main] Step: [arquivoFixoStep] executed in 42ms
2024-09-19 21:20:39,643 INFO o.s.b.c.j.SimpleStepHandler [main] Executing step: [arquivoLimitadoStep]
2024-09-19 21:20:39,671 INFO o.s.b.c.s.AbstractStep [main] Step: [arquivoLimitadoStep] executed in 27ms
2024-09-19 21:20:39,681 INFO o.s.b.c.l.s.SimpleJobLauncher [main] Job: [SimpleJob: [name=imprimeOlaJob]] completed with the following parameters: [{'run.id':'{value=2, type=class java.lang.Long, identifying=true}'}] and the following status: [COMPLETED] in 206ms
